<?xml version="1.0" encoding="utf-8"?>
<TestRun id="fb9d836f-899d-47ec-89fa-ccfb5403527d" name="Admin@DESKTOP-SRRVDGO 2024-06-20 00:51:04" runUser="DESKTOP-SRRVDGO\Admin" xmlns="http://microsoft.com/schemas/VisualStudio/TeamTest/2010">
  <Times creation="2024-06-20T00:51:04.0638014+05:30" queuing="2024-06-20T00:51:04.0638016+05:30" start="2024-06-20T00:50:46.6804272+05:30" finish="2024-06-20T00:51:04.3516382+05:30" />
  <TestSettings name="default" id="c767c85c-ae15-4c2a-ab77-114143f24d42">
    <Deployment runDeploymentRoot="Admin_DESKTOP-SRRVDGO_2024-06-20_00_51_04" />
  </TestSettings>
  <Results>
    <UnitTestResult executionId="eaa1fdd1-bdfb-4a27-94a4-4ebbaff493e0" testId="ae850381-b246-2488-0215-cf728823d831" testName="VerifyYopInbox1" computerName="DESKTOP-SRRVDGO" duration="00:00:13.2232910" startTime="2024-06-20T00:50:50.4047261+05:30" endTime="2024-06-20T00:51:03.6279665+05:30" testType="13cdc9d9-ddb5-4fa4-a97d-d965ccfc6d4b" outcome="Passed" testListId="8c84fa94-04c1-424b-9868-57a2d4851a1d" relativeResultsDirectory="eaa1fdd1-bdfb-4a27-94a4-4ebbaff493e0">
      <Output>
        <StdOut>Given user navigates to "https://yopmail.com"&#xD;
-&gt; done: SocialNetSteps1.navStep1("https://yopmail.com") (6.1s)&#xD;
When go to yopmail inbox&#xD;
Before you can start using Open Source Social Network, you must confirm your email address.&#xD;
&#xD;
Please confirm your email address by clicking on the link below:&#xD;
&#xD;
https://demo.opensource-socialnetwork.org/uservalidate/activate/46/3af69714b22d6c5eff5181c893cbf11e&#xD;
&#xD;
You may copy and paste the address to your browser manually in case the link does not work.&#xD;
&#xD;
https://demo.opensource-socialnetwork.org/&#xD;
&#xD;
https://demo.opensource-socialnetwork.org/uservalidate/activate/46/3af69714b22d6c5eff5181c893cbf11e&#xD;
-&gt; done: YopMailSteps.yopInbox() (6.6s)</StdOut>
      </Output>
    </UnitTestResult>
  </Results>
  <TestDefinitions>
    <UnitTest name="VerifyYopInbox1" storage="e:\dotnetworks\playspecs\playspec1\bin\debug\net8.0\playspec1.dll" id="ae850381-b246-2488-0215-cf728823d831">
      <Execution id="eaa1fdd1-bdfb-4a27-94a4-4ebbaff493e0" />
      <TestMethod codeBase="E:\DotnetWorks\PlaySpecs\PlaySpec1\bin\Debug\net8.0\PlaySpec1.dll" adapterTypeName="executor://nunit3testexecutor/" className="PlaySpec1.Features.YopMailTest1Feature" name="VerifyYopInbox1" />
    </UnitTest>
  </TestDefinitions>
  <TestEntries>
    <TestEntry testId="ae850381-b246-2488-0215-cf728823d831" executionId="eaa1fdd1-bdfb-4a27-94a4-4ebbaff493e0" testListId="8c84fa94-04c1-424b-9868-57a2d4851a1d" />
  </TestEntries>
  <TestLists>
    <TestList name="Results Not in a List" id="8c84fa94-04c1-424b-9868-57a2d4851a1d" />
    <TestList name="All Loaded Results" id="19431567-8539-422a-85d7-44ee4e166bda" />
  </TestLists>
  <ResultSummary outcome="Completed">
    <Counters total="1" executed="1" passed="1" failed="0" error="0" timeout="0" aborted="0" inconclusive="0" passedButRunAborted="0" notRunnable="0" notExecuted="0" disconnected="0" warning="0" completed="0" inProgress="0" pending="0" />
    <Output>
      <StdOut>NUnit Adapter 4.5.0.0: Test execution started&#xD;
Running selected tests in E:\DotnetWorks\PlaySpecs\PlaySpec1\bin\Debug\net8.0\PlaySpec1.dll&#xD;
   NUnit3TestExecutor discovered 1 of 1 NUnit test cases using Current Discovery mode, Non-Explicit run&#xD;
NUnit Adapter 4.5.0.0: Test execution complete&#xD;
</StdOut>
    </Output>
    <RunInfos>
      <RunInfo computerName="DESKTOP-SRRVDGO" outcome="Warning" timestamp="2024-06-20T00:51:03.7155125+05:30">
        <Text>Given user navigates to "https://yopmail.com"&#xD;
-&gt; done: SocialNetSteps1.navStep1("https://yopmail.com") (6.1s)&#xD;
When go to yopmail inbox&#xD;
Before you can start using Open Source Social Network, you must confirm your email address.&#xD;
&#xD;
Please confirm your email address by clicking on the link below:&#xD;
&#xD;
https://demo.opensource-socialnetwork.org/uservalidate/activate/46/3af69714b22d6c5eff5181c893cbf11e&#xD;
&#xD;
You may copy and paste the address to your browser manually in case the link does not work.&#xD;
&#xD;
https://demo.opensource-socialnetwork.org/&#xD;
&#xD;
https://demo.opensource-socialnetwork.org/uservalidate/activate/46/3af69714b22d6c5eff5181c893cbf11e&#xD;
-&gt; done: YopMailSteps.yopInbox() (6.6s)&#xD;
</Text>
      </RunInfo>
    </RunInfos>
  </ResultSummary>
</TestRun>